0
2707
2708
633,1862,2582
2,652,654
1,1986,1666,332,1454
2544
2176,1761,1256,1016,2175
2546,1659,1629
1416,1602,1042,373
208
281,1996,269
723,2614
2545,476
1655,1839
1318,1001,2661,2662
1810,1701
2668,2034,2075,2077,158
1090,2367,1093,1271
1632,970,2444,2642
1315,1316,24,2140,927
2145,2082,139,1560,1786
1939
2374,2375,1072,2269,2270
1043,2310
1702,1703,39,1234,2238
2159
1636,1701,201,17,598,2139,2141
1344,1301,2011,2317
99,2454,2455,122,123
2360,1810,2578,606
1687
963,2645
738,2343,1416,1358,2162,697
1594
1850,1973,518,279
2119,2120,2121,588,911,1051,286,2040,698
1358
1296,1913,895
1146,1552,1505,1640,2094,1781,2106,2107
2427,60,1190
1160,429,862,863
1634,1349,1965,1522,2357,22,1532
866,507,1364
175,1914,644,596
1372,87
2400,963,1653,152,1530,2399
2624,2701,1582
1986,1219,2667,2668,733,2303
1604,2366
1579,163
1666,1031,714,598,2205,2206,2471,2041,1662
2034,1666
1441
2213,710,2214,2215,457,1392
2053,2182,1139,1467,2172
1739,1358,1103
401,767
771,1156,323,651,210,787,2020,2021,815,1079,60,1983
1616,1849,412,447
2418
1715
580,1287,1358,2651,1627,609,615,105,1067,1725
55,37,1527
1416,2312,2162,1080,1309
485
1322
2616,1737,1209
771,1156,1293,1628,543,2021,619,239,2418,2419
2631
282,540,2628
1986,1358,391
1920,1926,1351,2189,1013,1914,604
2184,441
1986,2691,206
1358,1103
449,1035,1358,1745,1751,797,1189,876,558,1136,1723,1214
2052,1416,586,1042,1118,544,2155,1517,2419
583,2222,2223,2224,2225,84
88,2018,2178
1803,659
1329,1418,1219
2097,603
257,1117,2049
347,2180,527,423
1634,1138
1520,2581
75,2223,2224,2226,284
2488,1065,2487
1336,2034,429,2295
42,2164,842
1288,1309,300,815,1847,841,76,851,2394,1882,1394,1908,1658,130,2178,1677,1174,415,162,1713,696,1732,1741,1494,2010,2011,2012,2013,2014,2015,2016,2017,737,743,498,1527
258,1157,1094,2463,1585,884,1653,1401,1530,1087
817,155,156,1358
2122,2123,2380,330,2001,1046
898,1836
550,2151,950,1495
195,586,2263,733,675,934,1966,1649,2355,2357,2490
2181,2054,2183,2182,2197,2199,2200,2201,2074,1303,1580,1838,693,1602,456,334,1628,861,734,736,1535
2217
1353,661
1521
26,2604,2454,2455,122,123
2056,1602
281,1589,1358
1871,2256,1878,1623,1561,1251,1448,109
608,484,139,1775,306,1790
864,401,2210,1065
1721,2651,2476,59
2461
1113,1650,971,541
2209,2157,1647
519,1805,1045,289,1789,2092,2093,2094,2095,306,563,1337,318,1346,1624,610,102,124,1661,133,153,426,176,459,1998,1769,236,1772,1779,1785,1787,2045
2279,1161,1262,567,1599
1762,1358,1169,2643,758,2492
2080,306,1623,487
747,540,1884
2288,2506,610
973
1076,1501
2537,259
1538,388,1029,1690,554,1851,446,1343,2112,581,454,842,1616,2010,1507,2030,2165,2166,255
1537,646,1959,1549,1901,379
514,483,2405,816,1842
802,1158,2251,2252,589,980,1910
26,99,2454,2455
26,99,2604,2455
109,2478,306,1622,1367
458,2363
236,1551,306,1623,2045,2079
2604
392,233,370,2270
441,701
88,2017,1982
2169,834
1959,904,379,1022,479
452,1670,399,1623,2082,109,1777,1784,2045
406
2144,137,2095
831
2144,2329,135,2504
1776,306,236
910,18,660,1623,103,306,1780,2045
582,623
2034,1002,740
2049,2181,456,525,1628
316,1701,598
2192,1593,145,213
1165,537,144,213,1593,2622
897,1927,2059,1907,1468
1976,1519
714,378,2518,602,381
1416,2025,1080,1655
310,914,1942
1986,2236,2238,2335
2240,43,884,2238
459,236,109,306,1623,2045
326,1358,1238,1752,1753,1754,2525,1568,1444,364,819,1339
1763,1736,1358,817,1689,90,156
1763,1358,817,1689,90,155
598,1701,1870,2493
2034,180,1701,14
180,2308
1986,743,745,553,2000,277,2009
2010,842
323,1667,1268,1174,88
47
210,211
1473,2706,2707,598
2617,271
1056,2482,2437,168
2437,2438,167
1994,2706
1067,1358
1548,790,775
512,2187,240,756,1692
1033,1586,1358,687
1358,629,1742,2334
41,2217,2388,596,2135,1914,955
109,973,231
2682,2679,726,1639
833
1986,197,231
775,1807,2004,790,791,2076,158,159,2037,1020
1464,1683,1013,1359
997,183
1837,997,182
520
297,2003
1536,1319,1672,1228,2702,2580
1208
1169,1727
1072,564,1509,1262
491,2135
608,1677,1998,2385,382,1791
2472
441,458
2564,1451,2646,473,1050
2424,94
442,2122,429
179,2412,231
1255
420,1869
2676,1439
1986,1701,297,598,24,570,2430
1345,1250,1173,353
963,1869,854,857,1115
415
1869,1701
2691,71
833
7
2681
2309,1671,1614,55,1626,164,1905,1906,1907,1079
164,356,1394,1908,1909
1290
144,145,2192,1593
2194
1986,2045,1701
1701,1542
2473,2474,243
1348,2119,781,792,2076,733,482,2594,1382,2091,1020
507,1413,1542
376,913,817
817
821
744,1761,1154
1810,2034
2255
1701
883,534
322,1358,1871,848,1721
1053,1894,1405,2118
577,1217,549,1095,1810
387,197,1868,1701,551,232,2217,176,179
1986,869,1701,231,1864
128
610,2591
1701
138,153,2078,2079,1572,109,1072,306,126,2045,2046
2539
1828
65,1220,2182,910,1759,1376,2021,619,1069,2418,1909,887,1274
1472,512,172,756,1692
1441
2280,1131,838,279
217,2474,2647,2648,473
1072,1610,565,1358
1162,782
936,2515,1358,1687
2583
1264,1531,1964
1978,1884,621
2429
1413,1542,812,1933,1300,507,253
711,973,2485,1973
251,1413,507
507,1211
2112,1266,118,1343
756
80,2180,964,1388
89,1153,963,1094,2645,1240,1401
2537,117
365
873,1701,1894,1479
1464,1351
364,732,1103
472,1826,844,1902
1441
809,578,2227,2229
2000,2373,670
2451,1740
321,418,8,2543,2551
838,2280,1195,279,1215
2498,166,1970,2387,638
2012
374,846
748,749
805,1967
1463,2133,1695
160,553,1869,973,696
1185
838,270,666,32,2280,2344,1195,304,242,2165,502,2423
2155,1535
1347,2244,2247,8,101,1382,1000,746
67,747
2250,1559
583,2222,2223,2224,2225,2226,84
502,1999
442,33,698
2705
618
1722,109,1358
1765,328,687,567,2359
1692
2562
2038
306,2047
1176,1177
732,2685
899,1542,201,598,185
1325,1095,607
2498,1484,2383,2386,2387
88,634,415
1169,2492
1253,1158,719,306,350
2143,1670,719
1857,1172,279,2423
1416,1927
2048,519,1551,1045,542,2078,2080,1572,2084,2085,2086,2087,2088,2089,2091,554,2090,1072,1584,573,581,608,103,1640,109,112,1651,1656,124,126,1158,138,139,655,656,153,1193,1705,719,1245,1251,1770,1771,236,1772,1775,1779,1781,1782,1787,1797,1798,1799,1802,1804,1805,294,302,308,1856,1346,329,1367,350,887,910,417,426,958,452,1483,973,1490,476,487,1009,2045,2046
991
1253,1670,306,2045,350
2305,2268,383
150,1815,1944,1945,1946,1947,1948,1949,1950,1581,1331,1241,990,352,875,1272,892
1865,690,1132,343
1722,1740,1610
2296
2000,1623
1921,1602,423,408,2232
1868,845,143,1297,2004,598,920,1821,1073,766
1624,1785
109,563,2045,1701
1205
348,1597
1450,1083,269
228
162,2020,2022,498,55
2194,827,2156
1848,787
1754,1358,154
928,1996,1325,2063,2064
290,1250,951
306,2598,1798
1505,91,2123
2480,1527
2,2122,2003,2615,665
1358,1694
1013,693,95
1986,1701
1944,1950
1776,1358,1499,1214
1413,1934,1542
813
584,2463
613,1546,1389,1358,2045
1072,1512
1701,311
389,2323,661,854,441
833
1358,999
408,81,525,423
320,2250,1643,2248
465,2427,419
656,406,1623,2084,2085,1640,2089,2090,302,1775,306,1778,308,1782
1810
1944,310,1294
1345,202,2507,1173
1803,659,2453
1668
2018,2116,1259,498,211
657,1154,2652,1358
2642
1483,1620,389
1824,1409
2681
1966
1003
1606,263,970,1358,2642,1306,154,732,1756,1632,819
260,2469
745,1986,1583,553
2083,2451
996,1545,1194,2249,428,1366,2393
385,2484
128,1408,1414,1415,2269
1441,1414,2375,1415,1354,720,1553
2377,1834,1710,626
1025,1042,6
2146,2147,2149,1101,846,273,413
2401,2434,963,2435
672,220,1583
1265,2291,733,678
602,148
132,1959,904,1898,119,1022
2569,930,477
2538,148,2518
2034,1203,191
1704,309,2268,733
1624,1623
369,2483,2484
2114,2115,2117
231,519,2191
2497,1899,118
704,905,1483,1743,2450,344,359,1077
1108
1986,2365,68,493
128,1825,1415,720,1619,2269
739
577,1063,1064,2351,849
640,1147,2367
1217,1988
1096,2329,665,879
2177,730
544,1089,133,1769,2107
1354
104,1065,1096,1160,54,733
1413,1542,776,1932,1936,1940,507
806,1383,2503,1037,1742,464,2654
1170,1476
1927,738,2059,1275
2505,134,505,350
1681,1682,409,695
2056,525,1841,315,347,734
1624,1681,2084,407
1179,676
1488,1577,1096,2609
56,1849,1616
374
711
2178,2182,1677,525,1174,1309,300,818,1843,1847,1850,966,204,593,851,88,2014,737,1644,1908,1527
1701,519
1871,1072,306,2034,2494
269
349
1869,199
2216,2213
545
525,527,81,315,347
1203,436
2466
1805,487,1772,109,1777,306,1782,1789
1528,565
996,2248,1257,2671,368
1669,523,1807,794,38,705,196,2001,1618,1493,86,863,1889,2041,2043,2044
2130
2694,2695
1442,1597
436,756
1693,2408,1524,2133,1117
1912,733,486
1039,668,424,816,433,1332,1977,1978,1979,1980,1981,1982,1494,483,1131,878,498,885
1985,718,498,950,1495
1984,1985,1667,718,787,1983
1169,1642
2179,1296,725,441,1913,895
129,193,1537,70,454,2184,344,671,2094,1455,440
196,2120,588,1051,286,2362,627,698
1264,1010,1531,1966
515,582,2464,488,623,2289,2290,828
1434,909
1507,118,903
56,1849,1616,2638
1824,1826,1902,472
1280,73,1834,2581
1569,2538
671,2285,935
306,1258,133,1623
2305,2306,1806
581,2188,973,2189,2190,1441,2022,1917,118,441,1661
1664,2147,2486
2054,525,142,2199,667,95,544,2472,2347,1580
2216,1201,51,2215
193,1122,1953,1555,1276,125
153,1681,109,1623
1986,2532,1989
1203,2309
1048
1703,1964,1966,1702
403,2444,2445,1758
896,2304,1869,1403,349
1738,970,1358,2546,1305
1708,1172,1701
647,1313,1311
2304,2412,620
1097,652,854,857,1115
1013,2394,2013
448,264,844,1182,1183,1825,2029,559
194,243,1575,2647
1181
2219
1986,1800,10,306,1140
2569,930,380
2024,514,1978
1880,132
2372,1710,687,1426,598,2359
1810,2291,823,1287
2307,2308,1807,1810,1812,1814,790,218,2230
120,816,436,2405
2081,1699,103,1775,2046,1367,542
1042,2219,62,839
2077,2667,2668,435
1798,655,859,2080,1705,426,2026,1772,1773,112,306,1782
2547,444
1358,2390,2391
1879,1309,1131,2099,1973,1463,2105,826,1981
190
1257,2538,688,2673,2678,956,1533
391,1244,1759
2614
2192,1328,1327
992,596,711
2419
323,356,1652,436,437,88
2457,2458
2241
1765,1358
1976,285,279
576,2001,1692
2394,2396,1973
843,406,1560,1304,1180,1251,2083,1448,1258,1779,573
1352,1914,1013,1918
1413,1931,1933,1936,402,1940,1941,1300,1176,40,812,1211,2508,1363,219,251,253,254
2325
2146,2148,1101
1131,1171,1013
1810,549
1472,172,240,756,1692
1528,657,565
1314,120,1978,1882,478
2464,2465,1102,623,2547,444
2104,1882
952,2105
32,666,1373,2423
1986,387,836,1346,1670,1998,598,416,1574,109,306,2045
184
598
2097
429,2406,949
552,2476,1358,1169,979
1540,2180,2181,2054,456,2182,2183,2057,142,408,347,1628,415,423,2172
1216,565,1742,1007
81,423
803
1417,1419,2260
1505,1013,2094
2308,606
1701,1863
2466,1742
609,227,629,933
2392,2641
1894,567
1698,1165,2192,145,1593
1286
1616,2155,711
1441,67,747,113,2527
647,904,1896,107,1360,1022
306,484,1245,1623
984,65
2052,456,74,399,2199,1769,2347,1580
422
1608,2127
1701,598
809,843,1937,1523,2138
1497,1810,230,511
93
2388,231
1169,2201,524,1358
1995,277,2009,160,1127,745,366,1583
306,685,118
1463
1805,1623
1725
1189,73,1706,876,2585
472,1579,1182
2526,774
1016
704,2450,1483,1735
1701,109,1337,2045,318
2476,189,1262
513,1610,526,1038,1361,2279,427,687,244,1398,1528,1723
1986,1907
290,1513,536,1262,110,631,760
1810,1116,1223
2512,1759
201,2430
696,1570
1416,2025,2418
1313,643,2407,306,505
576,2001,1692
2283
2348,1810,503,665,574
394,906,849,870,230,1063,1129,1518,2351,2352,2353,2354
1105,266,1974,1879
1808,994,1134
2444,2445,1742,1358,1758,1765,744,59
1792,454,1616,306,118,1623
140,444,2549,2548
2224,2225,75,284
2464,623,2289,340,2463
2526
1218,1224,74,2155,94
1032
442,33,698,2383
1624,121,980,1158
1441,1954
642,2472,1423,1078,1017
2669
1474,1115,415
2195,663
2176,1016,1256
992,644,41,175,496,1914
1104,1628
519,521,1297,1299,1301,24,1821,1823,547,1573,297,48,316,1864,1100,845,1870,1107,1875,2138,1636,869,637,143,2707,157,165,1473,968,201,480,1003,766
1093,1271
2394
2229
378,148
1248,716,79,1873,2045,795,1821
69,1351,1652,1914,2109
1107,2534
1666,531,2230,2360,2361,27
1664,298,1213
2080,103,306,1623,191
1358,2446,2447,1041,2448,534,883,59
234,109,2287,2288,2481,114,826
2690
2235
341,1358
888,1475,2470
59,2443
1739,2365,1358,2503
705,2034
288,938
65,239
923,469,2534
249,1978,2018,1332
1952,1002,886,1951
2464,515,584,140,2289,444
1232,1042
1024
1358,372,2558,2556
442,2122,2238,2335
1169,2546,1764,1725
883,174,534
973
2358,567
1430
0,1866,1701
2227,300
2058
2233
1641,598
808,1773,271,783,2387,924,893
900
1090,395,894,2420,765,1598
2704
2472,591
1167,1538,573,2407
2177,711,41,1258,596,728
1358,1495,1824,1826,1895,1898,1899,1900,1901,1267,950,891
119
904,1360,1267,468,541
1441
1457,1171
1250,2083,1486,819,1685,1557,1756
1984,1667,2023,2024,2156,885,55
1,470
1231
1
2080,306,487
306,2090,350
513,1729,2440,2442,1740,1229,2522,2523,867,357,1254,871
2147
354,1803,77
139,1623
1028,1045,935,807,830,1353,1878,1879,1880,344,1881,1882,1883,1884,1885,97
932
594,2195
1701
576,2120,2122,332,397
1850,1973,518,279
456,2364,2472
436
729,1124,1086
267,2606
2025,441,451,973
376,2456
1986,1907
1907
2356,94
410,1955,2235
954
377,733
1395
2199
1986,1171,1445,1446
1224,973
2169,834
1282,1358
554
1358,2366
2372,1033,1610,1546,1358,1171,480,290,173,1710,1586,565,2359,1721,1725
1257,492
1317,1292,1358,1169,1721
311
2034,2130
2629
334,1851,2108,95,763
2516,1478
1998,2319,1681,1682,407,1012,948,1336,1790
88,1570,571,277
1080,30
33,588,1015,442,286
2327,2045,1701
1691
129,739,2062,735
777,779,2069,2070,1368,993,1637,2101,822
2497,1961,801
2113,1412,389,969,1483,1743,2450,562
617,429
963,805,2645,1240,2238
763
2216,2212,1358,836
1896,1903
1392,51,2212,2213
2112,2113,644,1285,539,414,496,252,2111
1464,850,2480
1044
48,1385,148
2291
2409,1810,603,1821
1907
1416,2059,2261,438,437
302,303,306,1810,1623
392,1441,371
1034
2500,2501,1874,1273,1567
9,2614
1344,2394,2395
1104,1137,1652,2071,440
177,1533,2671
1386,2570
644,1070,1296,2388,2553
1701,1221,2534,1159,669
398
2199,2203,901,1279
263,296,364,1756,2685
2304,383,1160,1294,401,1682,1817,1818,794,678,1062,1192,45,1329,435,2008,218,2011,2268,94,862,1265,2035,2291,759,377,2301,2302,2303
964,2056,2197,408,2202,95,736,2277,1388,1006,751,1841
1543,2060,2061,2062,1237,1881,739,1958,701
964,2197,2202,734,95,1631,1388,1006,751,1841
2178,1269,1974,88,2136,1630,415
1927,2162,405,1080,30
1958,1543,393,1237,1881,701,735
2033,1002,141
1088,1282,2093,1011,831
1483,1620,1743
160,1986,1570,745,1239,88
1154,580,1358,223
1986,1995,2009,160,743,1127,553,366
281,2006,1303
113,282,1538,540
1145,1732,1358,1103,1550,1617,1169,274,1374,1568,2553
274,2155,1333
1441
736,1204,2198,2202,734
2083,2451,957
1880,1269
2450,1483,1358
1898,1277,2071
256,512,1472,2186,2187,1692,172,240,433,885,1469
1284,2421,1358
1762,2492,1358,111
733,1703
1513,1426,567,985,2459,2460
1401,1443
2448,859
1635,693,707
1358,796,1606,1612
640,1147,2367
1868,845,1297,598,316
873,2314,1701,54
1723,1724,1566
1927
2117,1894
1080,65,1156,55
908
1072,1505
560
2075,180,171
402,1413,1542
702
1224,779,1370,1914,1919
1224,778,1370,1973,1592,1914,702,1919
2341
218,2402
245
1061,2376,1143,893,638
960,1701
1664
947
325,438,55
1952,1031,2033,2041,2205
1240,1703
482,171,1548,1810,180
2034,180,2130
1986,1488,1558,218,2555
1896,2592,1902,1903
1160,429,1590,733,863
1810,603,1645
764,1317,1358,1103
800,73,1833,1358,2359
1793,1794,1795,1381
961
889,1834,820,797
1961,2516,1470,703
121,1307
528,2100
1307
706,275,2236,963
403,1383
1226,1955,1956,661
1785,924,638,2383
548,266,2228,2229,1115
1068
900,855
1413,1542,251,1300,507
2376,339
1158,893,2382,2383
1344,2017,2018,1174,55,88
483,2405,2282,1842,436,120,1980
1736,2456,90,155,156,220,221,1763
415,1999
1606,650,364,1358,154
800,889
222
1973,702
481,1765,2221,1358,1169
1831
1765
2528,490,610,2287
1921,1999,324,1039
2464,1795,444
1816
1914,2100,661
1733,741,1638,136,2093,1358,1011
2600
1678,207,345,2595,1641,1130,178,2036,2495
2168,131,876,683
1121,1810,1134,1654
708,519,2078,2403,1572,1131,1013,1343
2248,1422,2670
868,2280,1131,270,242,279
2277,965,485
2481,1903
88,2034
2016,161,118,87
505,2339,548,2542
264,1902,472
316,598,766
273,2146,374
2189,2422
985,228,1373
577,394,1993,2351
712,1464,2278
88,2018,1309,415
1800
1169,1762,1358
935,1097,203,470,344,857,1884
811,2493
2248,1390
1097,203,470,854,1246
2182,2502
1030,487,1199,2096,762
1427,1758,1527
2330,2068,1397,95
733,38
38,1160,429,1590,794
104,1065,2210
2653
40,1049
2439,2440,2442,1229,657,2522,2523,1252,871
838,988,2276,1195,2099,1844,1526,1341
1440,1701,232,1864,598
577,2126,1119
2530,867,1229,657,2652
1340,1413,1542
261,1479,2313,1708,1358,767
1701
914,1942,310,1945,1950
834,73,558,1358,2584,2168
1413,1542,1935,1300,1176,1177
436,885,2326
397,1558
1013,973
1155,1199
1358
609,227,629,933
152,89
2024,651,878,1039,2386,436,756
1400,622
910,239,306,1623,1624
1475,1556,614
800,1830,1831,1832,820
1314,1269
2608,1674,645
310,1950
814,2383,783,911,1051,638
640,1845,2367
35,1187,1296,440,1913
465
1152,1410,1156,146,1494,1907,2295,1983
2160,1835,92,1836
297,1858,1986,1055
811,639
2186,1042,2199,2073,731,1279
1284,1358,1604
446,2030,2031
1312,132,1959,647,1360,379,541
1282,1483,1620,389
577,2351,2353
1916,1351
772,1013
445
2085,139,239,887,306,1623
33,2376,1051,893,1534
2130
220
875,150
1035,1740,2597,2415
1026
2639
2065,1098,1542
1358
316,1893
1914,2293,2134
1307,1406
620
808,638,2383
1222
1862
17,2140,1316
327,1326,2063
2627,1358
2569,380,477
1433
662
883,534,1038
2356,94
451,973,1873,661,854
2530,1067,2641,2515,246
2096,1304,1180
618,2027,2230
2173
1829
2517
1952,1924
1196
2138
1072,1512,2388,1911
1966,2623
786
1681,1682,1395,695
523
93,645,437
328,1358
2546,517
2565,2566,2567
1112,677
1482,1914,175
492,2677
1154,1358,1685,1557,1757,2083,752,2167
1072,306,1798
2529
784,1776,2650
1728,2555,799,2599
1665,1062,1806,1807,1808,1809,1810
258,2434,1157,1417,29,1443,805,1703,43,2240,706,1094,203,2399,2400,2401,1141,375,1785
736,257,965,1388,2198,734
964,2197,1693,839
415
2659
1986,1603,598
704,1735,1483,1743,2450
364,1358,16,466,2365
1650,107
1000,2579,2580,2247
277,671,935,682,1583,176,1072,306,454,2016,2019,2153,880,115,630,1142,252
1496
2097
998,1431
1281
1358,998
2207,1957,524,1839,1303,1503
121,589,1623,1367
1221,1159
2176,1091,1256,1458,2175
2130
2265,1068,543
1358,848,1073,760,1149
2697
1175
868
2285,1507,2436,1645
310,1054,1542
307
496,596
2155,702
1329,579,2309,1219
1912,2385,1309
2248,1257,428,1135,368,2518
1837,182,183
1284,1103,976,978,1431,2365
346,1358
281,972,1325,2543
12,2662
1952,740,141,622,2033,2034
363,2607,598,1687,1373
1489,1810
1541
736,734,1302
2466,526,1742,1154
1416,1922,2059,2575
2096,306
443,1966
741,831
1797,1681,1682,695,1336
1293,530,1583,1840,1841,1842,1843,1844,1845,1846,1847,1848,1849,1850,1851,836,69,334,1625,1120,1644,880,1403,1661,1675,908,181,1464,1729,471,1521,506,2045,510
1558
1481,1425,1618,2262,2263,1385,1068,1452,1519,1143,698,1788,1789
2176,4,1256,561,595
2472,1475,591
2378
1457
2667,180,218,2075,2077
2309
132,1168,541,1961,1962,1963,379,1276
2568,1986,1701
625
1042,373
2034,2531,916,1303
2394
661
118,2166
859
48,788,1952
587
2168,173,687
721
73,1801,1833,1740,1486,915,1433
2562
403,2654,2447
933,565,1358,2503
827,436,885
1169,1317,1358,1765
609,1358,2448,2390,1466,1243
1025,2051,2052,901,6,2055,1925,1926,2054,2198,1047,2073,2333,1198,1481,74,1628,1118,485,1125,1517,624,373
21,2309
713
1571,109,1773,306,661
2336,1510,91,2387,2587
1042,1588,2333
462
1432,866,2610,1894
194,2563,2564,1230,1569,1634,1380,1320,1081,1342
33,2122,2383,911,442,893
1701
229,1405
1605,1577,1099,1950,1432,990
1577,899
2482,167
2409
1195
1600
1441
2376,1196,783
1192,962,1810,733
577,394,1518
2352,394,2351
864,1699,2211,1096,104,401,85
1574
1216,2307,1830,936,170,2448,59
984,810,1015
239
1829,1358,1167,1072,728,1725,1470
2248,1257,2671,1135
773,1797,1798,1799,1800,1801,1802,1803,1804,1805,20,417,1070,945,306,189,958,1725,1733,1478,1483,1740,973,1358,342,1505,236,1262,244,1784
985,2163,316
1675,1676,1501
1124,1701
116
2113,2450,1483,389
591
210,1218,1914,55
738,771,2344,2162,149,697,61
1050,2563
2386,1534
1232,321,2114,1450
1213
2110,2394,2109,1421
2579,1124,669,2247
89,2434
1089,741
1088,1552,2086,399
640,1093,15,1271,1147,1598,2367
2176,1256,982
1106,1171,2501
1090,599,15,1271,1598,2367
258,963,1443,1369,1653,89
1986,230,298,1325,1810,2613
1633,1065,397,401,411
1869,470,854,857,1115
2066,2067,1477,918
1577,1054,1607
1701,598
2146,2148,374,1242,509
2464,2465,515,2290,1207
1284,263,796,53,1718,72,1480,1358,1748,1886,1887,1888,1760,1123,998,748,1520
2264,597,725
578
1874,1092,2501
2243,2379,1810,598,605
390
2674,2675,1533,2671
1224,2025,1120,2295
2125,2126,2129,1273,1119
954
1650,107
2560,1717
2276,1097,809,203,593,470,1529
568,1223
80,434,2499,1628
1416,1042,74,2155
2124,2125,2126,2127,2128,2129,1235,1111,1697,870,1462,1273,1663
2025,1583,2194,1013,1110
1410,835,1131,1810,1655,2136
458
1358,1103
1075,669,1086
1042,2332
1823
553,1986,745,1583
1441,1954,2275
577,1518,2351,2352,2353
833,2495
1538,2185,1930,436,1215,836,838,1224,1500,1121,2280,2281,490,2282,2283,1133,2155,242,1909,1655,510
311
2185,1538,1131,1500
2296,579,835
996,2248,1257,1071,2671,2678,2518
73,2554,1189,2359
725
2248,2250,82
52,1628,2182,2054
476
963,2294
973,2326
2376,2155,783,1618,2262,1015
1245,1623
1169,748,1358
1505,1506,36,2254
1090,2371,1865,395,765,1598,2367
1747,2220,1317,2221
985,1986,1894,1358
1243
2570,2700
2416,897,2155,1927
1401,258
1358,1742,2514,2515,223,357,744,1007,1714,1715,957
881,1229
65,897,771,55
2240,89,963,2463
2251,2252,589,2382,1635,814,302,306,121
729,981,2534
38,401,794,2268,733,863
110
245,1510
1402,2132
1287
145,537,1593
1986,2582
643,1070
1955,1022
524,1040,552,2220,301,2476,689,1714,1719,823,439,1720,188,2492,1731,1734,1737,1358,853,748,111,628,1145
404,1476
1092,649,1355,1295,681,687,1909,2359,510,1855
304,467
353,202,1250
162,815,1912,2394,88,415
987,2359
1542,295,877,1935,507
295,877,1542,1935
1984,1529,1908,2350
410,1955
1304,505,937
474
472,1579,559,1183
1824,1825,1354,1579,472,1182
2100,1190
1992,2349,1460,2358,278,2589,2590
2574,2535
1188,895
1187
73,558,1358,1136,2359
1184,1387,37
2241,2339,1558
733,1621,1062
1705,306
368,2670,1366
1058,868,270,279
1061,943,1367,1624,2300
1998,1791
1042
881,1716,859,1214,1566,1599
1502,2414,2207
457,2533,2214
2336,1510,2376,1428,2524
1410,424,2155,461,1842,382,1215
1602,1838,751,1839,1330
1761,1358,319
1257,2671
2464,2290,1102
187
64,1737,1358
1648
507,254
1701
1290,1084,607
73,1199,337,1745,1716,1499
1131,1203,1894,270
2503,1067,2446,526
396,230
586,2116,1079,1927
994,45,78
239
1607,1577,981,729,1949
1224,925
568,1116
778,779,1291,682,1583,1587,1975,1848,1851,1341,1732,1222,586,1110,1370,2151,2152,2153,2154,1131,2155,2156,1525,1526,1660,1919
1450,2579
2528,1955,1956,807
1269
1536,186,2580
1155,2439,2440,2441,2442,1358,657,1749,1627,1308,1506,867,1254,871,1384
1050,1342
653
624,1083
2433
1703,1966,1702,22
2126,2577,1462,1119
2479
739,1958,735
154,1358
743,2611,2027
706,258,1443,1702,789,2237
310,1701,1950
2146,2148,1101
1041,1150,1358
493
2080,1770,306,1144,542
857
1679
603,1651,2045
1483,2556,2558
328,202,2507,650,1173
102,1448,306,1623,505
2656,867
308,302
657,1308,1229
2248,198
2176,1091,4,595,982,1761,1016,2175
428,1071,688,1206,2248,2249,2518,996,2538,492,1135,2671,2673,2677,2678,2679
505,452,644
356,2342
2250,1559
2130
1509,110,1072,564,567,189
1407
248,443,1531
377,2291,733
1984,1529,255
1824,645,647
1929,162,2309
1227,1880,1630,737,1314,753,2227,890
2034,1622
1090,1093,15,599,2367
310,1945,1947,1950
2124,2125,2126,2129,722,1111,1119,2034
239
1468,405
458,1962,1022
755
2305,2306,2268
2186,731,2203,901
449,2612
977,1746,1748,1358
1283,1735,905,1483,2324,741,684,1776
1776,1282,2324
1604,902,998,1358,1103,2450,757
2182,711
538
481,59,1164,1358
88,1309
1705,1622
2258,212,1213
1224,2154,1660
689,1317,1358
65,2418,1013
352,733
1171,1987
728,35,440,1910,1911,1912,1913,895
316,598,766
2703
1810,1701,598
1542,2508,1933,1940,1941,812,877,251,507
1315,1316,1542,598,25,2140
1006
1026,746,2163,979,95
505,937,1180
466,1358
364,1317
802,804,1444,2536,922
1627,1229,1254
2178,1288,1677,415,2102,2103,1338,61,1741,851,88,1625,1882,2015,995,490
2692
2080,1313,1312,468
904,1313,1311
1312,2407,468,573,1311
514,1269,890
17,1301
927,17,1301,1679
1739,1292,1040,1306,796,2220,2221,689,1719,1720,1148
12,2661,2662
186,2034
1050,1491,2684,1349
2501
2265,63
1701
2265,2035
327,1000,1095,298,2247,2063
928,2063
1328,2161,495
2160,495,1327
994,733,78
1204,2068,1837
1576,1810,310
2024,436,621
2312,2195,749,1973
1701,1542,1577,1941,1950
1856,2090,2087
1797,86,1452,2032,2033,2034,1012,695
109,563,2045,1701
1912,2385,1309
1753,154,1358
872,1413,1542,1943
1224,2425,868
1050,1230
1507,836,2316,1645,2165,118,255
1928,2315,815,724,25
353,202
306,109,1670,519
281,1997
1810,218,2163,2605
1320,1634,2684,39
1443
69,262,907,1362,2134,604,2282,1972,1592,1535
506
97,661
400,371,2270,1183
1171,1957
1613
2025,2170
1038,1040,1041,30,34,1070,1072,53,59,68,72,73,1103,90,1123,101,111,1145,1149,1154,1169,154,155,156,1189,170,173,174,1205,1209,1229,1238,1243,228,244,246,1281,1284,1287,1292,1305,289,1339,326,333,337,341,346,357,1384,364,1389,1444,1471,1480,1483,466,1492,1499,489,1516,501,1546,524,1550,1562,1565,1568,2597,552,1599,580,1604,1620,609,613,616,1646,626,645,684,1708,686,687,1709,689,1710,1711,1712,1713,1714,1715,1716,1717,1718,1719,1720,1721,1722,1723,1724,1725,1726,1727,1732,708,1728,1729,1730,1731,1733,1734,1735,1741,1736,1737,1738,1739,1746,1740,1742,1743,1744,1745,1747,1748,1749,1755,1750,1751,1752,1759,1753,1754,1756,1763,1757,1758,1760,1761,744,1762,1764,1765,748,1766,754,757,758,764,796,797,819,823,831,853,873,876,882,902,919,929,951,957,970,978,985,999
2278,2480,181,1464,1914
647,904,541,1960,1902,1904,1650,2491
1528,565
1914,1372,1351
507,1413
40
1703,2509,1702,2519
368,1194,2248
980,2143,2080,484,1196,1584,306,1778,1656,124
2553,702,1911
1530,1653,1094
1224,778,779,2274,1525,2485,1975,1919
1393
42,1362
848,1003,518
748
2586
1848,2232,239
1840,2068,2069,2070,2388
1544,2058,2150
1380,2564
1050,1379,2564
1794,798
2176,2283,281,218,1502
403,806
1229,1358
714,1015,2335
2570,2571,727
1190
736,257,964,2181,2197,734
341,2597,1358
856,2681
1693
51,2212,710
1371
88,2137,211
679,2189,948,2072,2266,2267
1421,2228,1399,2394,2395,2109
861
1528,565
2309,2227,1396,2394,1501
2698,886
1153,258,1585,761,89
1482,1163,1616,1972,1919
465,2317,1013
2375
229,1508,1053,1894
922,2387
1263
1826,1828,1829,1553,370
1826,1827,1828,360,1553
897,1203,1121,1655
2218
704,1735,1483,1743,2450
1542,776,1931,1932,1933,1934,1935,1936,402,812,1340,338,1363,219,872,877,507,251,253
370,371,2270,1415
1414,392,370,371,2269
1921,1922,1923,1924,1925,6,1926,149,30,305,1468,572,61,1602,74,718,1118,1008
963,1703,1452,2350,529,2260,1529
78
529,2259,2260
2394,2396,1421
1420,1085,1396,1975,2394,2109,2110
837
1692,591
1813,1621
1618,1015
480,760,1751
1742,860,1725,2446
2336,2376,1202,1429,2520,2524,1534
2520,1428,1534
632,1718
976,998
1049,2663,1950,1054
1035,931,2359
1986,445
1927,2059,2071
2259
1688
2664
200,2676
869,1701
648,265,540,1954,1060,1700,1957,1958,1707,50,454,590,720,1619,2271,2272,2273,2274,2275,1128,750,241,371
432,2462
2240,963,1094,1350,2645,1240,2399,761
1307,154,2323,1358
681,1446
681,1445
1928
1251,102,2034,505,2045
2681
321,1083,1225
194,2564
1336,1417,1015
1986,1701
2
441,1537
1457
1456,649,1019
982
2080,2218
1185,2349,2358
2248,1634
1119,1611,1235,1663
490,555,2131,276,2132,2133,1695
262,712,1482,1359,850,1683,1013,181,1914
1488,1799
1041
2172,52
1416,146,1275
2346,2349,756,2358,1498,1692,2590
1824,801,1953,1070,1555,2553
1358,1646
512,2187,240,756,1692
2706,2707,165,598
593,1908,2261,2335
2469,614,2470,888,1017
1170,404
2066,1098,2067,1542
1072,694,1902
873,261,1894,1701
1358,1103
1669,1042,1015,2332,2335
2132,1973,1464,1402,955
1282,1412,389,905,2208,2083,1072,306,562,1077,1726,704,2113,1735,969,1358,1743,1620,1249,742,359,754
2520,2498,299,2383
1914
1745,650,1035
2137,2017,1501,1849
792,1465,411,2601
1004
306,2085,2327
1320
1765,1358
429
88,897,436
93,645,437
974
2034,549
2025,2349,2590,1469
1776,337,1214,1358
2185,1538,1131,1133
1676,1487,1074,116,2228,1399,2395
1200,2163,1382,1503
2241,979,1502,2243
2209,1647
773,1801,330,1552,530,1624,1699,36,2086,1072,1146,2107,1788
1146,1229
2436,1645,118,989,446,1343
1405,2117,1894
189,1262
1202,2387,1046,1162
1519
2145,945,342,2023
760,1830,567
1692
2234,2182
2612,1358
74,1042
577,1063,1129
1511,2640,147,1015,2108,1534,2335
83,1765,1750,1103
98,1013
2680,1697,39
2449,548
434,2499,1693
1224,1370,1973,1914
868,1224,2099,1879,2425,1977,1981
1668,331,2450,88,860,415,2274,60
513,427,1361,565,1398
1984,1417,2350,1266,1908,1178,1115
2464,2240,1369,43,89
248,1889,1264,443
2648,39
492,1109,726,2671
911,1519,1428,1429,1082
1351,2155,2293,280,1916,95
186,1228,2580,2702
441,119,1455
643,2185,1500,1131,747,1133,1842,118
1914
1628,525,2054
1005
1413,776,1931,1935,1936,402,1939,1300,1301,918,1940,1176,1177,1941,1942,1943,297,1577,812,1334,1340,1477,1607,338,216,219,990,872,877,251
1881,739,2029,735
1378
368,2248
1804,1358,687,341,2169
2169
171,790
1901,2286,119
2083,748,1358
306,126
1089,1505,36,1778,2591
1408,1409,371,1827
2688,1657,2686,2687
1953,458,2363,1470
888
2168,650,2083,957
1986,792,2338,2339,2340,1191,879,1014
283,1260
505,18,1623
102,1623
1765,1358
2633
1786,1772
2365,1358
768,1732,1895,1199,2071
722,2500,1874,1654
1729,154,748,1358
450,1050,1966
696,571,743
1045
1776,306,236,836
2698,598
1986,1066,519
473
1810,1331
1221,1542,1099,1334,411,1054,1055
2497
2029,47,559,1182,1183
544,1892,456,2199,2200,95
1810,1819,310
44
1224,1995,973,1120,1127,553,2025,366,1013,376
306,1798,1367
89,1653,1401
2168,173,687
1224,2154
1047,2333,2055
1745,2596,101
794,863
2541
1351,779,2485,2071,1914
1165,144,145,213,537
31
2246
2476
320,432
640,1090,1093,1147,2367
2441,110,1358,1199,2614,2460
1059
1750
6,2054,1416,2072,2073,2074,95,100,1204,315
968
46,902,1284,1358
2663,1950,1054
819,364,764
1099,1221,1542
2489,546,2124,2126
1912,1790,1791
687,244,565,312,2556,2557,2558
2124,1462
764
1356
210,2034,1671
1665
2050,581,539,412,118,56,1849,1402,447
748
429,1425,1015,1143,1789
392,1441,2269
742,359,905,1483,1358,2450
1192,1424
1270,2425,124,1289
1560,1561,542,556,314,581,350,608,102,112,887,1144,126,384,133,139,910,660,153,452,459,719,980,1251,1767,1768,1769,1770,1771,1772,1773,1774,1775,1776,1777,1778,1779,1780,1781,1782,1783,1784
384,409,1705,1196,317,589,1505,109,1777,1778,1779,1780,887,1785,1786,1787,1788
1729,1309,1013
210
1229,59,1740,1308
1540,2053,2054,2055,2056,2057,525,142,1042,65,597,1117,95,1635,2021,1139,2172
1659,5,1711
737,2227,1269
736,2196
16,364,1756
1096
1349,39,82,1461,2393,1050
763,1628,1158,2383
1701,598,24,2139,2141
1973,702
831
1688,177,2679
306,36,350
833,637,2495
2657,2658,439
348
1013,415
795,1507,989,1343
1358,1471
1504,2209,108,2160
1210
94
1360,1113,107,971
1248,306,2045
498,1972,725,1848,604
89,1094,43,1585,1369
1952,2034,835,1567
1410,11,2384,149,2136,1121,1894,2282,1131,1839,1842,2295
306,1798,1367
2688,1554,2686
88,2018
5,1629
1224,2154,1291
109,1851,1013,454
48,1666,2381,2398
2577,1462,1119
785,455,2147,607
962,2034,1701,1615
2,1662,2381,48,49,606
162,651,438
355,1527
1481,1892,2332,429
1346,133,519,303,308
1929,1614,1968,210,2136,2137
186
2660
2608,1914,891
1074,1676,1013,1914
1675,1074,1975,1914,1501
191,1908,88,1309,415
833,1746
1247,1316,2140
2056,2576
459,2318,2319,2320,407,409,948,1012,695
2189,2319,2320,2321,407,733,2291,1012,948,695
1464,2132,181,1973
2513,2486
650,2083,957
2647
1721,1003,28,246
1639,1437,2671
155,156
2112,118
700
512,2186,2187,1423,291,2345,2346,2347,172,2348,2349,1469,574,1472,1514,240,756,503,2302
965,2408,1391,434,1524
333
276,2133,1463
1713
1986,1522,2253,1119
2160,537
1065,484,1505
1441
13,532,24,1052,547,563,1075,1100,1636,633,1665,143,664,157,158,699,1212,201,205,215,216,729,1241,226,231,232,235,767,261,1799,784,1299,1820,1323,1334,1846,1337,1852,1853,318,1854,1855,1856,1857,1858,1859,1860,1861,1862,1863,1864,1865,1866,1867,1868,1869,335,1870,1873,1874,1875,1872,1876,1871,343,1877,869,874,416,1440,1453,1479,467,1023
463,1234,1365,22,1240,1703,1966,1970,1971,2238
1417,789,22,1702,1966,1967,1968,1969,1970,1971,2238,963,463,1234,1365,1906,759
1912,1986,2077,383
2081,487,1193,1289,306,2322,1624
2585,558
1441
1857,873,2314,2313,1358,467
1986,1738,1739,1358,2365
480,2444,1358,687,372
1730,1731,1765,1358,1629
1358,1725,2446
88,1358,1898,1696
1169,1154,1358,1727
58,1358,1154
2446,1214,1358,1199
2560,1114,1731,1358
1358,2685,1430,1103
1169,1317,1358,1765
1169,1317,1358,1765
1358,1687,1761,228,105,2476,687,689
312,289,1358
768,73,1358,565,1724
768,2215,2216,1358,1723
1427,2334,2596,2597,557,1070,687,1072,1712,59,1734,1740,1358,1745,2413,628
2168,1483,1358
1714,188,1358
961,2599,1358,2257,2555
1568,1358,657,1013,1625
1358,1711
1358,1711,1169,1717,1755
1224,748,1358,88,1566
1072,1358,831
1169,2597,1358,1725
1282,1412,969,1483,1358,2324,1776,562
817,155,1358,1763
64,1888,1358,1169,2616,1209
1709,1358,466,2365,2366
1358,1750,1886,1317,1766,616,1709,2221,53
1035,268,1804,1358,657,915,2389,2390,2391,2392,1627,1072,312,1725
88,2593,1309,1358
1154,2307,580,2443,2444,2445,526,1358,403,1427,533,1749,1758,174,1007
704,2113,1412,389,969,1483,1358,2450,742
1765,1358
2596,73,1486,1358,1589,1725,1214
1281,1678,1358
1148,1358
1281,1358,1103
1229,1358,1742,2446
1601,1765,1766,1739,1358,1520
73,1426,2596,1358
1754,1358,154
154,1339,1358
1752,326,154,1358
1731,1765,1358
1632,650,364,1358,2642,732
2451,957,1358
2466,580,1358,1742,464,860
569,493,1358,239
1358,1103
223,4,1256,1358,1205,1721,2175
111,853,1358,758
1736,1358,817,155,156
628,1358
1040,1562,290,1711,1719,823,1720,825,2492,580,1358,1744,1492,1750,1755,1520,501
1358,1739,1750
1623,1783
1837,2325,1623
544,399,109,1623
2080,306,1245,1623
306,1778,1623
1623,1564,487,426,109,306,1782,2045
487,1780,1045,1623,1789,638
1623
484,103,306,1623,350
960,1282,1283,1735,138,337,2324,1623,1499,2078,1572,2045
133,426,1623,1624,2143
1623,1771,1552,1367,1624,2327,350
109,2318,306,1623,1624,505
1624,139,1773,1623
36,1998,306,1623,2107
1798,2326,1623,350,487,426,1772,306
1623,1767
133,1072,2096,1623,2045
963,808,109,1624,317
1624,18,1564
109,306,1810,1624,2045,2143
1624,1505,1015
426,109,1773,1618,1015
1609,103,695
1609,2045,191,1197
581,2485
798
1795,1796,1381,798
2464,1794,1796,2299,828,798
2297,1794,1795
2088,1072,306,1012,1336
329,487,1072,1584,306,1782,1656,958
1072,1465,306,1701
1072,476,852
1505,1035,1072,2451,2203
1072,306,2079
1072,354,659,77
1546,1740,1072,306,2451
426,556,109,1072,306
1809,962,453
962,482,429,2034,180
962,1810,579
962,1810,1806
13,1808,1809,1299,1811,1812,790,1813,1814,1815,1816,795,27,1817,1818,1819,1820,1821,1822,1823,549,1062,1576,1581,1331,568,576,835,1348,1095,1869,1107,351,1121,962,716,719,224,481,482,230,1004,1787,511
1810,1822
1986,482,1810,2034,2550
1424,1810
482,1810
310,1810,1950
1810,829
1810,733
2305,1810,2306,733
1810,1948,1581
1873,1810,1701
716,1810,598,603,316
1810,1811
598,1810,1126
448,645,1183,1825,1826,360,1267,1470
392,1824,472,1183
1408,1409,448,645,264,1824,1827,1829
1409,1826,1828,1553
1408,1409,1827,238
1408,1826,940,1070,1902
889,1067,1513,2045
824,889
889
1834,1035,797
800,449,1833,372,2359
2160,898,2157
898,92
1768,1330,997,183
2219,1204,2182,95
11,979,1204,2453,1655,2424
1377,1013,2071
736,2056,1013,408,734
1538,2405,2281,816,1203,1013,1655,120,1979,1980
1013,415
868,1013,2276
1013,894
2117,1701,1867,1013,2357
88,1013,415
1376,325,1224,2419,1652,1013,1909
1487,1616,1013,56,1914,412,447
32,666,1013,415
1224,2485,1013,118,693,1661
2045,1701
1701
1701
1171,1701
1701,2096,306,1335,2045
304,1708,1701
899,1701
1986,1701
1701
1701
0,1701,926,2582
532,1701
232,869,598,1701
1147,1701,311
633,1701
2117,1846,1701
316,1701,766,231
2309,199,1097,203,205,465,1810,277,420,1701
1986,157,598,1701
417,228,1701,102
1701
1986,1701,935,603,1820
2500,2501,1701,722,1106,1567
1986,1701,598
1986,1701
2573,1701
2256,661,102
490,578,1526,661
753,1269,661,479
739,1958,1543,661,735
514,516,661,88,1309
661
1958,113,661,854,249,1885
1884,661,2644
1739,1103
1888,1103
1737,1103,1887
2130,1890,1891,1892,1893,429,2034,2039,1531
1889,2130
1889,2034,2130
1889,1580,1669
920,1889
770,261,2117,1479,2118,1149,536,1049,1508,229,2034,1655,1405,1215
645,1566
793,541,709,1897
1896,1903
1713,379,645,755
388,645,1902,2510,2491
2608,645
1954,645,2284,1549,2286,119
448,1478,264,844,1360,793,1829,1899,1903,1904
709,840,793,2269,2592,1960,1897,1902
1360,1902,1960
210,1914
1703,2059,1964,210,1907
897,717,210,146,673,674,1906,566
1474,1677,211,88,1529,1178,415
2305,1131,239,1171,211,1848
1296,121
1296,945,1368,2553
1609,1296,1174,995,2404,1704,435,2102,2103,1338
440,1296,35,895
1920,1539,778,779,1674,1675,1676,921,41,175,1079,1592,1464,1849,955,830,69,1485,1359,1362,596,2388,604,1905,1525,506,1915,1916,1917,1918,1919
2649,1914
1914,907,1535
2457,1914,454
506,1914
1224,778,779,1402,1370,1914
69,1926,2310,2422,1914,2653
1416,315,827
1008,1416
1416,1927
1416,942,1927
1416,1042,2620
1920,2051,2052,69,1416,2189,1042
1152,769,1218,1923,1924,1928,1929,1930,146,405,1435,738,305
1344,1447,1927,2475,2317
1671,2034,1268,1927
1131,1927
507,1413,1542
1936,402,1413
251,1300,1413,507
338,1413
1413,1542,877,1176,1177
1413,1542,1932,402,507
1938,548
1937
19,1542
402,507,1300,1542
1542,2508,1300,1334,507
875,150,1542
1340,1542
352,336,310,1945,1946,1950
1272,875,310,1944,1946,1947
1944,1945,1950,310
1272,1945,1950,310
310,1819,1950
1221,310
1605,336,1815,1432,1944,1241,1946,1948,1947,1054,875,310,1334,1272,892
1952,622,2204,2206
1031,788,2204,2205,2206,1951,1002,942,622,1654
458,1555,1470
590,1441,1955,1956,1957,1958,2275,1128,1901
1226,1168,1179,1954,676,1956,807,2235
1226,1954,1955,807
1441,1954,2241,2630,1355,979
1441,1954,739,1237,1881,1884,735
132,904,119,379,2621
1360,2491,1904,1903
801,1022,703
1963,1276,1022
1962,1022
1965,1966,463,1906,248
1964,39
463,1234,94,1569,1702,1703,362,1964,946,1010,1971,443
275,1703
1671,2034,1703
2236,2238,1703
271,1702,1703
1702,1966,1703
1402,1652,1351
1482,779,1683,1976,666,32,1637,504,490,1333,822,1975,1525,1974,252
737,578,1973
1224,1676,1421,1973,1370,2109,2110
147,1973,502
436,1526
514,621,436,249,478
2178,2405,1842,436,1980
2405,816,1842,436,1979
490,436,1526
130,436
897,2034,438,55
651,1266,438,1529,1178
437,438
2,519,1558,1574,45,566,68,71,1095,1127,1149,1166,151,160,673,1697,1704,681,1709,179,201,215,743,232,745,1812,792,1859,1870,335,1873,1875,1876,366,899,391,1434,1453,1987,1988,1989,1990,1991,1992,968,1994,1995,460,1993,1996,1997,1999,2000,2001,1998,2002,2003,2006,2007,2008,2009,2004,2005,476,1023
1986,2004,2509,1295
1986,396
1986,460
1986
1986,2325
1185,1986
849,1986
169,1986
553,1986,745,1583
1986,327,8,2063,2064
1986,1347,2412
1986,519,2326,1197,109,1781,695,191
1986,827,818,285
160,1986,267,314
2335,2348,429,574,1986,2121,2378,2379,2380,2123,2381,2002,2003,91,503,2044
2001,1986,2379
1986,2123,332,2001,185
1986,1987,180,316
1986
1986,746,2477
1986
733,1986,2301
160,1986,553,745,2025
88,161,2016,118
88,25,733
88,272
88,471
88,415
88,1309,2071
842,973,2071,88,2010
130,2467,815,1487,88
2019,356,76,621,815,851,1658
2018,973
323,55
65,239,2418,55,1628
323,454,2190
1512,2217,651
2178,651,2156,1332,885,478
1357,149,1110,2009,1498,671,1120,2026,2027,2028,1583,572
2096,2025,2045,487
2360,2025,938,1239
2025
472,1579,1543
2112,118,903
2436,903
1336
1336,1002,740,788
1026,1273,14,1807,1812,791,2042,1319,49,1336,841,1614,2130,86,1889,1891,1894,617,1654,382,1665,1929,141,158,417,1448,1968,691,1983,1497,224,1002,2035,2036,2037,1270,2039,2040,2041,2038
2034,1324,733
833,2034
2034,180
2034,293
1889,2034,2042
2120,33,2034,2122
48,2034,788,429
2034,2039
429,2406
2001,429
2048,519,1830,306,563,308,1791,1337,1852,318,1856,341,603,109,1651,126,133,139,153,1448,699,215,1248,2026,236,1772,1776,1013,1784,1787,2046,2047
2048,484,236,306,2045
2045,294
306,2045,2046
80,142
1616,2485
1042,2364,1926
544,74,1042,1926
52,1628
1602,1540,456,525,1042,2133,1628,95,1139
1042,1588,2198,1628
2311,1680,2576,408,1628,734,100,1841
1628,525
1378,635,2150
718,1008,1906,146,405,1435
735
735
701,735
928,327,1996,1325,1326
1996,327
2066,2067,918
1477,2065,1098,2122
2065,1098,1477
1377,1330,861
1377,702,2070
1377,2069,702
725,1435,1566,2015,2016,1840,755,1592
1602,1395,2182
1042,1602,901
1602,2277,2181,95
775,14,2076,2077,2091,2667,2668,1020
2667,180,218,2075,2077
486,1704,1020,14,2075,2076
1776,306,236,836
1802,236,126
655,1367,1245,1311,608,487,1770,112,306,1459
1705,484
18,133
650,1483,1550,1557,1685,367,752,2168,505,957
409,306,350
2089,910,1490,306,350
1089,306,1505,2094
306,1335
306,1797
306,2085,350
656,306,350,1335
218,2075,306
109
109,741,831
36,2086,109,530,441,2106
2145,135,2504,109,2329
1856,937,2026,1009,1784,859
522,2098,79,975
2097
2425,490,868,1526
1184,803,2101,830
2100,702
1912,2385,1309
1912,2385,1309
516
490,517
36,2094
1505,36,1781,399
693,1519
1421,1396,1975,604,1085,2110
1085,2109,1421,1975
711
2436,711,2030,118,1690,255
704,711,1483,1743,2450,1077
386,2509,2519,1083,2588
386,2117,2519
1218,356
386,770,2115,2118,1867,1508,1894,1846
229,2117,1894
33,218
33,2637,2040,665,442
33,2122,2001
196,2121,2123,332,2066,665,1051,91,627,2040
330,2122,2380,2001,2003,91
1608,1611,2125,2126,2127,1273,1119
2124,2126,1111,1273,1119
1608,2124,2125,1235,1111,1119,870,1273
546,2124,2130,1119
2129,1119
2128,1273,1111,1119
2249,2127,912,791,983,1889,1890,1891,1261,430,2034,691
2133,2182,1463
1482,1163,1683,1463
2182,2054,434,2131,276,1463,1695
921,1351
2282,190,175
737,1121,1655,1671
1394,1487,1671
944,548,598
24,1636,2141,2140
1679,17,1301,2139,927
24,2139,1636,2142
2141
1777,1787,303,1367
2145,135,2504,137,2329,2331
1512,18,2144,2095
2147,2148,1101,846,374,1242,509
1664,2146,455,658,374,2486
509,1242,1101,2146
374
1378,2058
1224,93,2423
1224,2385
1224,2155,973
1224,1291,1587,1660
1152,280,539,1203,1224,74,586,1143,1118,993,2153,1131,749,2293,2294,2295,1535
1224,2024,651,324
1835,108,2158,2159,2160
2157
2160,2157,23
898,1698,1835,2157,1647,1328,2159,2161
2160,1327
738,2163,1080,61,30
1348,1073,2162,1303,1502
2217,2282,87
279,118,1343
1029,118
957
834,1033,1557,2083,876,1586,2169,1726
131,1546,1547,683,2168
2171,1357
2170
2182,525,52,1467,1628
939,2174
2173
2176,1761,4,1256,982
1091,4,595,982,1382,1256,1016,2175
2371,644,398,2367
737,2024,76,88,1979,1309,415
440
257,2182,2183,525,81
525,142,2196,2197,2202,2074,95,1388
2180,1285,525,2198,2072,415,1838,52,2231,2232,2233,2131,2133,858,95,1515,239,1139,2172
2180,525,95
441,70
1538,1131,1500,1133
901,756,2199,1692,1279
1472,172,1692,756
454
69,1926,454,847,1682,1395
454,2022
387
144,537,213,495
2194
1120,324,2193,2195,214
663,594,1333,2194
2181,1631
736,965,2181,1388,734,95
964,2182,2055,751,1042
901,456,2186,2200,2201,731,95,544,680,1580
1580,95,2199
552,95,2199
736,2181,734,751
1801,2511,2330,731,1279
1952,2521,1951
48,788,1952
48,1952,1951
1200,2241,979
1483
1504,108,1647
104,864
1065,2356
1392,708,710,2216
51,421,710
2216,1201,51
2216,457,51,1724
708,2212,421,2214,2215,457,1724
96,231,2023,175,2164
1411,1459
475,485,1838
1317,2221,1169,1148,2525
1317,1739,2220,2507,823,1148
2224,2225,75,284
2224,75,84,284
583,75,84,284,2222,2223,2225,2226
583,75,2222,2224,284
2224,84,284
266,2228,1269,1399,634,1630
809,2227,1396,2394,2395,1501
601,266,809
2296,938,482,606
2292,2182
1376,315,2182
2291,636,2182
1515
612,1955,676
151,1969,805,2237
1240,2236,2238
2240,706,22,151,152,1702,1703,1969,627,2237,2239
2238
1443,963,1157,152,1530,2238,2399
2207,2242,1957,1191,500,1503
2241,2539
2244,2245,2246,1107,1503
281,2243
2243,2246
1595,2245,2243,2247
2246,972,2509,1325,2543,281,1086
837,1545,2249,1366,856,348,996,1255,1257,428,1071,1135,1138,1461
2248,1257,2671,368,2130,2518
1138,283,348,1260
121,2252,1158
121,2251,1158
1697
1146
225
102,1878
1728
1290
2337,1419,1436,2335
529,1417,1419
1474,718
1015,1143
2490,94,1015
1104
984,1322,1324
2321,1395,2364,2267
2266,1395
1160,2291,309,733,1278,383
1415,392,1903,370,1619,20,2270
128,1414,2375,1354,20,2269
1441
1441
1441
1441,1370,1527
1128,1441,1954
1115,868,1844
2074,734,839
850,1359
2466,565,110
838,1131,270,242,279
1842,1131,2405
1351,1655,1131,816,2164,2135
1131,1382,575
1901,2285
451,2284,989,2286
1549,1901,2285
2288,610,826
114,610,2287
584,444,2464,623
2464,2496,1102,1207,444
715,1682,2268,733,481,377,1265,2292,2233
2291,2231
921,2155,1535
2155,1141
897,1655,2155,1110,86
313,1134,2230
2298,2299,1796
2297
2297,1795
1196
2008,733
1692,733
2541,45,733
2385,465,733,469
2306,453,309,1909,1818,1278
2305,453,2552,1818,1278
482,1067,1742
159,482,531,2559
461,1869,210,1043,994,1268,1399,1021
1920,21
2056,2576
61,1333
873,1708
1708,767
1344
1343
1928,25,1403
1681,1779
1681,1682,695
1681,1682
2266,1682
1705
344,1444
1776,1282,1283,1735
1768,508,1991
1142,878,1998,1782
2328,1490,699,1778
2327
2144,137,397,2095,2330,2331
2329,2203,861
2144,2329
1481,1125,1669
1042,1588,1047
1725,174
1474,1481,2001,2259,151,2336,1385,1519,627
1202,1428,1046,2524,2335
2259
2555,1558
843,2340,1558,1191
2339,1558
780
1259
2344,30
1080,2475,279,2343
1692
1692,2349,1469
456,544,1692
576,2001,1692
1185,2346,1460,2358,1498,1692,1469
1417,1178,1529
577,1064,1129,394,906,849
1064,577,1129
577,906,1129
577
2356,2357,94
675,2211,934,2355,2357
39,2355,2356,1846,94
1185,2349,1460,631,1469
2372,1171,1175,1433,797,480,290,1189,1834,687,1136
2578,27,606,2027
606
442
1555,125
2266,2051,667
998,391,616,1738,970,1709,1565
46,1738,686
2368,2177,1090,2369,2370,1093,2371,395,15,894,1271,1147,765,1598
2370,2367
2370,2367
2368,2369,2367
2177,1147,2367
480,687,2359
267
20
371,1404,20,2270
1061,813,783,911,1202,1428,1143
372
2001,1018
2001,2002,1107
2001,91,2123
2001,1666,1662
814,1158,2383
588,1484,2382,1051,924,1635,808,299,814,893
1655
2304,995,2152,2102,2103,1338,191
1082,299,885
1406,1510,299,271,1046,638
1377,551,175,945,728,1914
2451,1740
489,1740,1041,2451,2391
489,2451,1740,2390
2451,1740,535
368,1634
1027,1420,1421,1174,2228,1085,724,471,600,88,2395,2396,2397,1396,1399,504
2228,724,1396,2394,1501
504,2394,1420
2394
2493,1662
2240,2434,1443,963,43
43,963
2434,963,2435,375
2403,781
2402,836
1912
483,2281,816,1842,120,1979,1980
523,2043
1313,643,573
434,1693
1057,716
2411
2410
1997,197,469
1725,2414,2415
1200,2413
915,2413,2597
1152,2417
2416
65,2021,1293,239,57,572
1848,65,74,497
640
757
1920,847
304,279,518,2151
195,1839
2099,1526,1622,2426,1341
2425
37,2428,349
2427
250
201,570
2432
2431
1233
2401,963,2399,375,1087
2401,375
2112,1507,989,2031
168,2438,167
168,2437
2530,867,2652,1229
657,2530,867,1229
1229,1599
2530,867,1229,657,2614
1742,615
580,2503,1710,1742,16,464
464,580,1742,2503
1216,2447,2448,1427,1749,609,1712,1716
609,1037,2446
609,1067,2446,1041,762
1523
704,2113,1284,389,1412,969,1743,1620,562,754,1077,1527
1801,268,1804,2452,2389,2390,2391,2392,1757,367,752
2451,2685
354,1839
26,99,122
99,26,123,122
672,817
2649,2458,499,1917
2457,499
760,2689
760,1599
106
1442
584,89,340,1157
515,1795,584,1102,2465,444,623,2289,2290,1207,1530,828
2464,515,1102
2279,425,1007,533,1758
2017,2468
2467
1475,365
1475,614
48,2493
192,642,456,591,1017,667
2648,217
217,243
1928,2344
105,524,1169,564,1721,2651,1596
2006
124
1236
712,331,1359
840,610
1056,167
385,2484
369,385,2483
1792,2050,1592,1370,1851,252
2147,1684,455
85
85
1608
94,2263
1360,1899,1960
1765,301,111,1169,758
855,157,2398,2471
417,2495
833,1130,2494,1641
2290
1578,388,703
299,1484,271
1524,1117
722,1874,1567
1092,1321,722,1106,1874
858
1216,616,2444,2445,1038,403
2144,137,2095
406
114
353,1250,2221
507,1300,1941
2114,1987,2247,1365,2519
1899
2203
569
1684
1154,2515
1154,2530,936,2514,246
801,2517,694
2516,941
996,1257,2538,2249,1135,148,381
2114,2115,1365,2509
1428,1484,1429
2204
2656,657,867
657,867
2336,1202,1428
154,2220
560,585
540
1226,826
959
871,936,2440,2442,2439,2515
1026
460
1201
1159,2535,620,729,605
1186,2534
1307
259,117
450,1257,492,2518,381
2632,2242,2540,237
2539
1591,2303
843
1000,269,2247
3
10
952,466,628,5
488,515
582
582
1812
269
2306
748,728,1911,1368,1470
1136,2689
1728,961,2338,2599,792
1249,626,1610
1610
1249,626,1610
2308
2561,1114,1717
2560
292,1036
1081,1050
194,1379,1380,1451,1050
953,2566,2567
953,2565
953,2565
1023
930,380,477
1386,2572,2573,727,1151
1386
2570
2570,1877
1186
1008
1680,2056,2311
1235,1663
2360,27
1225,972,1086
1536,186,972,1228
449,83
0,1166,1862
247
876
1706,558
1375
1046
2114
1185
1185,1498,1469
1552,234
793,1903
1741
2680,218
833
1745,1725,1589,1751
1734,1389,1358,2415,915,1725
329
1728,961,2555
832
1488,2609
2603
2602
99,123,127
1348
670
1003
1674,891,1900
2601,411
1049
1239
1280,1516
1095
9,2442,494,723,1599
2696,332
64,1737
166
2619
2618
1925
1959
145
946
44,2701
2626
2625
929
67
692
2699,1957
66
2539
1563
2635,2636
2634
2634,2693
2120
447
917
1519
936,535
16,364,1756,358
111
1885
29,706,258,1443
194
473,243,1686
2473,243,1532
2457,1915
960
105,59,2476
871,357,2439
1920,865
403,1037,2655
2654
2522,1252
1642
1642
967
1673
12,1318
1001,12,1318
1432,1605
1438
2666
2665
486,2668,45,2076,2075,1020
486,2667,45,14,2075
592
1194,837,2679
2249,1109,726,1688,1257,428,1135,1071,2672,2673,2674,2675,1206,1533
2671
1257,492,2671
2675,1109,2671
2674,1109,2671
200,1439
1257,956
1257,492,1135
1639,1257,2670,177,2682
1522,2594
1449,361,1390,209,2683
177,2679
2681
1320,1349
296,732,2452,1718
1657,1554
2688,1554
1657,1554,2687
2554,2459
611
206,71
1310
2636
431,2695
2694,431
2615
986
1400,1573
2630
1151
2624,44
1536,186
1298
641
287
169,2707,1473,165
1473,2706,165,598
